streaming/build/intermediates/manifest_merge_blame_file/debug/manifest-merger-blame-debug-report.txt
1<?xml version="1.0" encoding="utf-8"?>
2<manifest xmlns:android="http://schemas.android.com/apk/res/android"
3    package="org.sralab.emgimu.streaming"
4    android:installLocation="auto"
5    android:sharedUserId="org.sralab.emgimu" >
6
7    <uses-sdk
8        android:minSdkVersion="26"
8-->src\main\AndroidManifest.xml
9        android:targetSdkVersion="28" />
9-->src\main\AndroidManifest.xml
10
11    <uses-permission android:name="android.permission.BLUETOOTH" />
11-->src\main\AndroidManifest.xml:7:5-68
11-->src\main\AndroidManifest.xml:7:22-65
12    <uses-permission android:name="android.permission.BLUETOOTH_ADMIN" />
12-->src\main\AndroidManifest.xml:8:5-74
12-->src\main\AndroidManifest.xml:8:22-71
13
14    <application>
14-->src\main\AndroidManifest.xml:10:5-37:19
15        <activity
15-->src\main\AndroidManifest.xml:13:9-23:20
16            android:name="org.sralab.emgimu.streaming.StreamingActivity"
16-->src\main\AndroidManifest.xml:14:13-73
17            android:icon="@drawable/ic_streaming"
17-->src\main\AndroidManifest.xml:15:13-50
18            android:label="@string/streaming_title"
18-->src\main\AndroidManifest.xml:16:13-52
19            android:launchMode="singleTask" >
19-->src\main\AndroidManifest.xml:17:13-44
20            <intent-filter>
20-->src\main\AndroidManifest.xml:18:13-22:29
21                <action android:name="android.intent.action.MAIN" />
21-->src\main\AndroidManifest.xml:19:17-69
21-->src\main\AndroidManifest.xml:19:25-66
22
23                <category android:name="org.sralab.emgimu.LAUNCHER" />
23-->src\main\AndroidManifest.xml:21:17-71
23-->src\main\AndroidManifest.xml:21:27-68
24            </intent-filter>
25        </activity>
26        <activity
26-->src\main\AndroidManifest.xml:25:9-32:20
27            android:name="org.sralab.emgimu.imu_streaming.ImuStreamingActivity"
27-->src\main\AndroidManifest.xml:26:13-80
28            android:label="IMU Streaming" >
28-->src\main\AndroidManifest.xml:27:13-42
29            <intent-filter>
29-->src\main\AndroidManifest.xml:18:13-22:29
30                <action android:name="android.intent.action.MAIN" />
30-->src\main\AndroidManifest.xml:19:17-69
30-->src\main\AndroidManifest.xml:19:25-66
31
32                <category android:name="org.sralab.emgimu.LAUNCHER" />
32-->src\main\AndroidManifest.xml:21:17-71
32-->src\main\AndroidManifest.xml:21:27-68
33            </intent-filter>
34        </activity>
35
36        <meta-data
36-->src\main\AndroidManifest.xml:34:9-36:72
37            android:name="io.fabric.ApiKey"
37-->src\main\AndroidManifest.xml:35:13-44
38            android:value="8751562450c786ca67410fd4e08fbb7c9303dbea" />
38-->src\main\AndroidManifest.xml:36:13-69
39    </application>
40
41</manifest>